55
ClassroomXv9
LarryG StepanK 
ChromeLitev4
LarryU MichalY PrabhakarA 
ScholarXv6
SundarD StefanK PrabhakarC LarryJ RuthB SundarA RuthF JenL MatasK BakhodirG JenR TatiyanaP 
StreetViewXv9
ThomasN StefanX MaxH ThomasU NellyI 
CurrentsProv2
StepanJ 
NewsXv5
SundarV PrzemekH 
PatentsMaxv2
PhilippO NellyU MatasR MatasP TatiyanaO RuthJ MichalV PrzemekT ThomasE LarryC 
TravelProv6
PhilippJ 
StreetViewXv2
RuthW PrzemekF PetarM 
DocsUltrav2
BakhodirB NellyM ClementA NellyW PrzemekM PrabhakarM FionaA HiroshiK 
GroupsZv8
BakhodirL PetarI TatiyanaC PrabhakarS BenjaminK 
DatasetSearchLitev6
PrzemekP MaxA BenjaminJ ClementJ StepanL SundarI PhilippK PetarN HiroshiM 
StreetViewMaxv8
PetarA 
CurrentsXv1
BakhodirF 
SearchUltrav8
SergeyG PhilippI HiroshiL 
TravelUltrav3
PetarR JenE 
LoggingXv4
SergeyJ StepanV MaxK 
NewsMaxv1
TatiyanaT 
CalendarLitev5
BenjaminS HiroshiE PrabhakarB BakhodirA 
SheetsZv4
MaxO SergeyR 
FeedBurnerNextv2
PrabhakarX PrabhakarI BenjaminH 
PixelProv1
MatasF 
TranslateProv9
BakhodirM SusanO SundarB 
LearnProv8
JenI 
FinanceXv5
ClementV 
CollectionsUltrav9
NellyT BenjaminO 
CastOSSv6
SusanH HiroshiI HiroshiT 
FinanceMaxv7
LarryN StepanU SundarJ ThomasT SusanT 
FeedBurnerLitev8
SundarX BenjaminL PrabhakarE 
SkyProv4
MichalZ ThomasQ 
CodeZv4
SusanR BenjaminR 
MapsNextv5
PrzemekR FionaZ 
SkyZv5
SundarM 
ClassroomSv2
RuthX 
ConnectXv3
StefanG 
VoiceZv6
HiroshiQ MichalS 
KeepNextv4
PrabhakarN 
AssistantMaxv9
MichalA 
CurrentsProv7
BenjaminP 
BuildProv1
PetarG 
BloggerProv9
ThomasE 
FuchsiaProv7
BenjaminH ClementI BakhodirQ 
KeepXv1
PrabhakarA 
MoonXv3
SergeyY PetarM 
ScholarZv1
NellyR MichalQ PrzemekP LarryU 
DaydreamSv1
StepanL StefanD TatiyanaK PetarN 
MarsProv9
HiroshiJ BenjaminK MaxB PhilippA LarryS ClementS 
AndroidAutoZv1
PetarV SundarJ 
CollectionsProv5
JenJ SundarD MaxE 
AndroidTVLitev7
RuthW LarryO JenE TatiyanaZ MatasH NellyM ThomasA PrzemekM StefanA 
ChatLitev6
NellyV MaxM NellyD JenH ThomasO StefanH BenjaminK PrabhakarB PetarJ SusanY StepanK LarryC 
FormsUltrav3
ThomasL MatasF HiroshiI NellyU StepanG PetarN TatiyanaA StepanO 
DataSv9
FionaK RuthF TatiyanaX MaxA PrabhakarA SundarX BenjaminN TatiyanaG BakhodirD PhilippJ 
VoiceMaxv2
PetarV SergeyY MaxR HiroshiL 
DataNextv9
ClementO SergeyR ThomasW JenE PrzemekM FionaZ JenF PhilippC StepanK PrzemekH BenjaminR LarryZ TatiyanaI MichalB SergeyA PrzemekW HiroshiD PetarV BenjaminY SergeyQ SergeyK LarryD TatiyanaX JenS ThomasI 
